
> jyhs@0.1.0 start /root/jyhs
> node index.js

14:29:46 14.11.2017, [log,hapi-plugin-mysql,database] data: Connection to the database successfull
14:29:46 14.11.2017, [log,info] data: Adding a new policy called errorResponse
14:29:46 14.11.2017, [log,info] data: Adding a new policy called logRequest
14:29:46 14.11.2017, [log,startup,route-load] data: POST /api/bill/add/detail
14:29:46 14.11.2017, [log,startup,route-load] data: POST /api/bill/delete/detail
14:29:46 14.11.2017, [log,startup,route-load] data: POST /api/bill/delete
14:29:46 14.11.2017, [log,startup,route-load] data: GET /api/bill/detail
14:29:46 14.11.2017, [log,startup,route-load] data: GET /api/bill/get
14:29:46 14.11.2017, [log,startup,route-load] data: GET /api/bill/get/detail
14:29:46 14.11.2017, [log,startup,route-load] data: GET /api/bill/list
14:29:46 14.11.2017, [log,startup,route-load] data: POST /api/bill/update/detail
14:29:46 14.11.2017, [log,startup,route-load] data: POST /api/bill/update
14:29:47 14.11.2017, [log,startup,route-load] data: POST /api/bill/upload
14:29:47 14.11.2017, [log,startup,route-load] data: POST /api/cart/add/detail
14:29:47 14.11.2017, [log,startup,route-load] data: POST /api/cart/add
14:29:47 14.11.2017, [log,startup,route-load] data: GET /api/cart/count
14:29:47 14.11.2017, [log,startup,route-load] data: POST /api/cart/delete/detail
14:29:47 14.11.2017, [log,startup,route-load] data: GET /api/cart/delete
14:29:47 14.11.2017, [log,startup,route-load] data: GET /api/cart/get
14:29:47 14.11.2017, [log,startup,route-load] data: GET /api/cart/get/groupId
14:29:47 14.11.2017, [log,startup,route-load] data: GET /api/cart/list/detail
14:29:47 14.11.2017, [log,startup,route-load] data: GET /api/cart/list
14:29:47 14.11.2017, [log,startup,route-load] data: POST /api/cart/sub/detail
14:29:47 14.11.2017, [log,startup,route-load] data: GET /
14:29:47 14.11.2017, [log,startup,route-load] data: POST /api/group/add
14:29:47 14.11.2017, [log,startup,route-load] data: GET /api/group/count
14:29:47 14.11.2017, [log,startup,route-load] data: POST /api/group/finish
14:29:47 14.11.2017, [log,startup,route-load] data: GET /api/group/get
14:29:47 14.11.2017, [log,startup,route-load] data: GET /api/group/list
14:29:47 14.11.2017, [log,startup,route-load] data: POST /api/group/update
14:29:47 14.11.2017, [log,startup,route-load] data: POST /api/material/add
14:29:47 14.11.2017, [log,startup,route-load] data: GET /api/material/category
14:29:47 14.11.2017, [log,startup,route-load] data: GET /api/material/checkName
14:29:47 14.11.2017, [log,startup,route-load] data: GET /api/material/compatibility
14:29:47 14.11.2017, [log,startup,route-load] data: GET /api/material/delete
14:29:47 14.11.2017, [log,startup,route-load] data: GET /api/material/deleteImage
14:29:47 14.11.2017, [log,startup,route-load] data: GET /api/material/get
14:29:47 14.11.2017, [log,startup,route-load] data: GET /api/material/imageList
14:29:47 14.11.2017, [log,startup,route-load] data: GET /api/material/level
14:29:47 14.11.2017, [log,startup,route-load] data: GET /api/material/list
14:29:47 14.11.2017, [log,startup,route-load] data: GET /api/material/types
14:29:47 14.11.2017, [log,startup,route-load] data: POST /api/material/update
14:29:47 14.11.2017, [log,startup,route-load] data: POST /api/material/upload
14:29:47 14.11.2017, [log,startup,route-load] data: GET /api/me
14:29:47 14.11.2017, [log,startup,route-load] data: GET /api/tools/citys
14:29:47 14.11.2017, [log,startup,route-load] data: GET /api/tools/paytype
14:29:47 14.11.2017, [log,startup,route-load] data: GET /api/tools/verification
14:29:47 14.11.2017, [log,startup,route-load] data: GET /api/tools/yesno
14:29:47 14.11.2017, [log,startup,route-load] data: POST /api/users/changPassword
14:29:47 14.11.2017, [log,startup,route-load] data: GET /api/users/checkName
14:29:47 14.11.2017, [log,startup,route-load] data: GET /api/users/current
14:29:47 14.11.2017, [log,startup,route-load] data: GET /api/users/getByType
14:29:47 14.11.2017, [log,startup,route-load] data: GET /api/users/get
14:29:47 14.11.2017, [log,startup,route-load] data: GET /api/users/list
14:29:47 14.11.2017, [log,startup,route-load] data: POST /api/users/login
14:29:47 14.11.2017, [log,startup,route-load] data: POST /api/users/logout
14:29:47 14.11.2017, [log,startup,route-load] data: POST /api/users/register
14:29:47 14.11.2017, [log,startup,route-load] data: GET /api/users/search
14:29:47 14.11.2017, [log,startup,route-load] data: GET /api/users/types
14:29:47 14.11.2017, [log,startup,route-load] data: POST /api/users/update
14:29:47 14.11.2017, [log,startup] data: Server running at http://127.0.0.1:3000
{ name: 'å°å°¼è“çœ¼æµ·é‡‘é±¼', price: '40' }
insert into bill_detail (bill_id,name,size,price,point,material_id) values (42,'å°å°¼è“çœ¼æµ·é‡‘é±¼','',40,0,40) 
{ name: 'æ¸…æ´è™¾', price: '55', size: 'L', point: '11' }
insert into bill_detail (bill_id,name,size,price,point,material_id) values (42,'æ¸…æ´è™¾','L',55,11,null) 
{ name: 'æ¸…æ´è™¾', price: '45', size: 'M' }
insert into bill_detail (bill_id,name,size,price,point,material_id) values (42,'æ¸…æ´è™¾','M',45,0,null) 
{ name: 'ç™½é¡»é¾™è™¾', price: '80' }
insert into bill_detail (bill_id,name,size,price,point,material_id) values (42,'ç™½é¡»é¾™è™¾','',80,0,null) 
{ name: 'ç«ç„°è™¾', price: '65' }
insert into bill_detail (bill_id,name,size,price,point,material_id) values (42,'ç«ç„°è™¾','',65,0,null) 
{ name: 'å°ä¸‘è™¾ å¯¹è£…', price: '110' }
insert into bill_detail (bill_id,name,size,price,point,material_id) values (42,'å°ä¸‘è™¾ å¯¹è£…','',110,0,null) 
{ name: 'å°ä¸‘è™¾', price: '55' }
insert into bill_detail (bill_id,name,size,price,point,material_id) values (42,'å°ä¸‘è™¾','',55,0,null) 
{ name: 'äº”å½©è³è‚è™¾', price: '30' }
insert into bill_detail (bill_id,name,size,price,point,material_id) values (42,'äº”å½©è³è‚è™¾','',30,0,null) 
{ name: 'ç´«å¤´ç¾äººè™¾', price: '30' }
insert into bill_detail (bill_id,name,size,price,point,material_id) values (42,'ç´«å¤´ç¾äººè™¾','',30,0,null) 
{ name: 'ç´«å…‰è™¾', price: '35' }
insert into bill_detail (bill_id,name,size,price,point,material_id) values (42,'ç´«å…‰è™¾','',35,0,null) 
{ name: 'ç¾äººè™¾', price: '20' }
insert into bill_detail (bill_id,name,size,price,point,material_id) values (42,'ç¾äººè™¾','',20,0,null) 
{ name: 'æœºæ¢°è™¾', price: '15' }
insert into bill_detail (bill_id,name,size,price,point,material_id) values (42,'æœºæ¢°è™¾','',15,0,null) 
{ name: 'èœœèœ‚è™¾', price: '15' }
insert into bill_detail (bill_id,name,size,price,point,material_id) values (42,'èœœèœ‚è™¾','',15,0,null) 
{ name: 'å‡ç»µç¾Šè™¾', price: '18' }
insert into bill_detail (bill_id,name,size,price,point,material_id) values (42,'å‡ç»µç¾Šè™¾','',18,0,null) 
{ name: 'çº¢æ–‘èŠ‚è™¾è™+æªè™¾', price: '58' }
insert into bill_detail (bill_id,name,size,price,point,material_id) values (42,'çº¢æ–‘èŠ‚è™¾è™+æªè™¾','',58,0,null) 
{ name: 'æµ·è‘µèŸ¹', price: '12' }
insert into bill_detail (bill_id,name,size,price,point,material_id) values (42,'æµ·è‘µèŸ¹','',12,0,null) 
{ name: 'çº¢æ–‘é©¬å¯„å±…èŸ¹', price: '20' }
insert into bill_detail (bill_id,name,size,price,point,material_id) values (42,'çº¢æ–‘é©¬å¯„å±…èŸ¹','',20,0,null) 
{ name: 'è“çœ¼é»„è„šå¯„å±…èŸ¹', price: '20' }
insert into bill_detail (bill_id,name,size,price,point,material_id) values (42,'è“çœ¼é»„è„šå¯„å±…èŸ¹','',20,0,null) 
{ name: 'è“è„šå¯„å±…èŸ¹', price: '25' }
insert into bill_detail (bill_id,name,size,price,point,material_id) values (42,'è“è„šå¯„å±…èŸ¹','',25,0,null) 
{ name: 'çº¢è„šå¯„å±…èŸ¹', price: '20' }
insert into bill_detail (bill_id,name,size,price,point,material_id) values (42,'çº¢è„šå¯„å±…èŸ¹','',20,0,null) 
{ name: 'è“è‰²çŠç‘šèŸ¹', price: '15' }
insert into bill_detail (bill_id,name,size,price,point,material_id) values (42,'è“è‰²çŠç‘šèŸ¹','',15,0,null) 
{ name: 'è¥¿ç­ç‰™èˆå¨˜ï¼ˆçº¢ï¼‰', price: '28' }
insert into bill_detail (bill_id,name,size,price,point,material_id) values (42,'è¥¿ç­ç‰™èˆå¨˜ï¼ˆçº¢ï¼‰','',28,0,null) 
{ name: 'å½©è‰²æµ·è›è“', price: '24' }
insert into bill_detail (bill_id,name,size,price,point,material_id) values (42,'å½©è‰²æµ·è›è“','',24,0,null) 
{ name: 'è“ç‚¹ç« é±¼', price: '65' }
insert into bill_detail (bill_id,name,size,price,point,material_id) values (42,'è“ç‚¹ç« é±¼','',65,0,null) 
{ name: 'ç«ç„°çº¢è‚šæµ·é¾™', price: '90' }
insert into bill_detail (bill_id,name,size,price,point,material_id) values (42,'ç«ç„°çº¢è‚šæµ·é¾™','',90,0,null) 
{ name: 'ç»¿æµ·é¾™', price: '50' }
insert into bill_detail (bill_id,name,size,price,point,material_id) values (42,'ç»¿æµ·é¾™','',50,0,null) 
{ name: 'é»„çº¿æµ·é¾™', price: '35' }
insert into bill_detail (bill_id,name,size,price,point,material_id) values (42,'é»„çº¿æµ·é¾™','',35,0,null) 
{ name: 'çº¢æ–‘èŠ‚æµ·é¾™', price: '40' }
insert into bill_detail (bill_id,name,size,price,point,material_id) values (42,'çº¢æ–‘èŠ‚æµ·é¾™','',40,0,null) 
{ name: 'å½©è‰²ç¤¼æœæµ·èƒ†', price: '40' }
insert into bill_detail (bill_id,name,size,price,point,material_id) values (42,'å½©è‰²ç¤¼æœæµ·èƒ†','',40,0,null) 
{ name: 'è“ç¤¼æœæµ·èƒ†', price: '35' }
insert into bill_detail (bill_id,name,size,price,point,material_id) values (42,'è“ç¤¼æœæµ·èƒ†','',35,0,null) 
{ name: 'é­”é¬¼æµ·èƒ†', price: '40' }
insert into bill_detail (bill_id,name,size,price,point,material_id) values (42,'é­”é¬¼æµ·èƒ†','',40,0,null) 
{ name: 'æ–‘èŠ‚é­”é¬¼æµ·èƒ†', price: '40' }
insert into bill_detail (bill_id,name,size,price,point,material_id) values (42,'æ–‘èŠ‚é­”é¬¼æµ·èƒ†','',40,0,null) 
{ name: 'é“…ç¬”æµ·èƒ†', price: '35' }
insert into bill_detail (bill_id,name,size,price,point,material_id) values (42,'é“…ç¬”æµ·èƒ†','',35,0,null) 
{ name: 'è™å°¾æµ·å‚', price: '35' }
insert into bill_detail (bill_id,name,size,price,point,material_id) values (42,'è™å°¾æµ·å‚','',35,0,null) 
{ name: 'çº¢æµ·å‚', price: '35' }
insert into bill_detail (bill_id,name,size,price,point,material_id) values (42,'çº¢æµ·å‚','',35,0,null) 
{ name: 'é»„æµ·å‚', price: '15' }
insert into bill_detail (bill_id,name,size,price,point,material_id) values (42,'é»„æµ·å‚','',15,0,null) 
{ name: 'è“æµ·æ˜Ÿ', price: '35' }
insert into bill_detail (bill_id,name,size,price,point,material_id) values (42,'è“æµ·æ˜Ÿ','',35,0,null) 
{ name: 'åŒå­é¥¼å¹²æ˜Ÿ', price: '50' }
insert into bill_detail (bill_id,name,size,price,point,material_id) values (42,'åŒå­é¥¼å¹²æ˜Ÿ','',50,0,null) 
{ name: 'å·´é‡Œæµ·æ˜Ÿ', price: '30' }
insert into bill_detail (bill_id,name,size,price,point,material_id) values (42,'å·´é‡Œæµ·æ˜Ÿ','',30,0,null) 
{ name: 'ç¾å›½é‡‘çœ¼åŠ', price: '160' }
insert into bill_detail (bill_id,name,size,price,point,material_id) values (42,'ç¾å›½é‡‘çœ¼åŠ','',160,0,null) 
{ name: 'ç«ç„°ä»™', price: '200', size: 'XL' }
insert into bill_detail (bill_id,name,size,price,point,material_id) values (42,'ç«ç„°ä»™','XL',200,0,null) 
{ name: 'ç«ç„°ä»™', price: '190', size: 'L' }
insert into bill_detail (bill_id,name,size,price,point,material_id) values (42,'ç«ç„°ä»™','L',190,0,null) 
{ name: 'å˜ç§æŸ æª¬æ‰¹', price: '300' }
insert into bill_detail (bill_id,name,size,price,point,material_id) values (42,'å˜ç§æŸ æª¬æ‰¹','',300,0,null) 
{ name: 'å¤§æºªåœ°ç«é¸Ÿ', price: '300' }
insert into bill_detail (bill_id,name,size,price,point,material_id) values (42,'å¤§æºªåœ°ç«é¸Ÿ','',300,0,null) 
{ name: 'çº¢æµ·æ—¥å‡ºé¾™', price: '130' }
insert into bill_detail (bill_id,name,size,price,point,material_id) values (42,'çº¢æµ·æ—¥å‡ºé¾™','',130,0,null) 
{ name: 'å¤å¨å¤·æ˜Ÿçº¹è¥¿ç“œåˆ¨', price: '70' }
insert into bill_detail (bill_id,name,size,price,point,material_id) values (42,'å¤å¨å¤·æ˜Ÿçº¹è¥¿ç“œåˆ¨','',70,0,null) 
{ name: 'å¤§å¤´ç›”é»‘æ¯•åŠ ç´¢P1çº§', price: '650' }
insert into bill_detail (bill_id,name,size,price,point,material_id) values (42,'å¤§å¤´ç›”é»‘æ¯•åŠ ç´¢P1çº§','',650,0,null) 
{ name: 'å¤§å¤´ç›”é»‘æ¯•åŠ ç´¢P2çº§', price: '450' }
insert into bill_detail (bill_id,name,size,price,point,material_id) values (42,'å¤§å¤´ç›”é»‘æ¯•åŠ ç´¢P2çº§','',450,0,null) 
{ name: 'æ¯•åŠ ç´¢é»‘è¾¹A1å¯¹ç§°', price: '240' }
insert into bill_detail (bill_id,name,size,price,point,material_id) values (42,'æ¯•åŠ ç´¢é»‘è¾¹A1å¯¹ç§°','',240,0,null) 
{ name: 'æ¯•åŠ ç´¢é»‘è¾¹A1çº§', price: '180' }
insert into bill_detail (bill_id,name,size,price,point,material_id) values (42,'æ¯•åŠ ç´¢é»‘è¾¹A1çº§','',180,0,null) 
{ name: 'æ¯•åŠ ç´¢é»‘è¾¹A2çº§', price: '120' }
insert into bill_detail (bill_id,name,size,price,point,material_id) values (42,'æ¯•åŠ ç´¢é»‘è¾¹A2çº§','',120,0,null) 
{ name: 'æ¯•åŠ ç´¢é»‘è¾¹Cçº§', price: '70' }
insert into bill_detail (bill_id,name,size,price,point,material_id) values (42,'æ¯•åŠ ç´¢é»‘è¾¹Cçº§','',70,0,null) 
{ name: 'è¿·ä½ æ¯•åŠ ç´¢Cçº§', price: '30' }
insert into bill_detail (bill_id,name,size,price,point,material_id) values (42,'è¿·ä½ æ¯•åŠ ç´¢Cçº§','',30,0,null) 
{ name: 'é»‘å†°å°ä¸‘', price: '110' }
insert into bill_detail (bill_id,name,size,price,point,material_id) values (42,'é»‘å†°å°ä¸‘','',110,0,null) 
{ name: 'é»‘æ­¦å£«å°ä¸‘', price: '100' }
insert into bill_detail (bill_id,name,size,price,point,material_id) values (42,'é»‘æ­¦å£«å°ä¸‘','',100,0,null) 
{ name: 'é»‘è¾¹é›ªå°', price: '100' }
insert into bill_detail (bill_id,name,size,price,point,material_id) values (42,'é»‘è¾¹é›ªå°','',100,0,null) 
{ name: 'å¤§å¤´ç›”ç‰¹çº¹é»‘èƒŒå¿ƒ', price: '380' }
insert into bill_detail (bill_id,name,size,price,point,material_id) values (42,'å¤§å¤´ç›”ç‰¹çº¹é»‘èƒŒå¿ƒ','',380,0,null) 
{ name: 'ç‰¹çº¹é»‘èƒŒå¿ƒï¼ˆå…¨é»‘ï¼‰', price: '140' }
insert into bill_detail (bill_id,name,size,price,point,material_id) values (42,'ç‰¹çº¹é»‘èƒŒå¿ƒï¼ˆå…¨é»‘ï¼‰','',140,0,null) 
{ name: 'äººå·¥é€çº¢å°ä¸‘', price: '30' }
insert into bill_detail (bill_id,name,size,price,point,material_id) values (42,'äººå·¥é€çº¢å°ä¸‘','',30,0,null) 
{ name: 'äººå·¥é»‘å…¬å­', price: '70' }
insert into bill_detail (bill_id,name,size,price,point,material_id) values (42,'äººå·¥é»‘å…¬å­','',70,0,null) 
{ name: 'äººå·¥é»‘è¾¹å…¬å­5-6', price: '45' }
insert into bill_detail (bill_id,name,size,price,point,material_id) values (42,'äººå·¥é»‘è¾¹å…¬å­5-6','',45,0,null) 
{ name: 'å°å°¼äººå·¥å…¬å­3cm', price: '18' }
insert into bill_detail (bill_id,name,size,price,point,material_id) values (42,'å°å°¼äººå·¥å…¬å­3cm','',18,0,null) 
{ name: 'é€çº¢å°ä¸‘', price: '40' }
insert into bill_detail (bill_id,name,size,price,point,material_id) values (42,'é€çº¢å°ä¸‘','',40,0,null) 
{ name: 'é»‘è±¹å°ä¸‘', price: '35' }
insert into bill_detail (bill_id,name,size,price,point,material_id) values (42,'é»‘è±¹å°ä¸‘','',35,0,null) 
{ name: 'çº¢å°ä¸‘', price: '22' }
insert into bill_detail (bill_id,name,size,price,point,material_id) values (42,'çº¢å°ä¸‘','',22,0,null) 
{ name: 'åŒå¸¦å°ä¸‘', price: '15' }
insert into bill_detail (bill_id,name,size,price,point,material_id) values (42,'åŒå¸¦å°ä¸‘','',15,0,null) 
{ name: 'æ–æµå…¬å­', price: '20', size: 'S' }
insert into bill_detail (bill_id,name,size,price,point,material_id) values (42,'æ–æµå…¬å­','S',20,0,null) 
{ name: 'å…¬å­å°ä¸‘', price: '15', size: 'S' }
insert into bill_detail (bill_id,name,size,price,point,material_id) values (42,'å…¬å­å°ä¸‘','S',15,0,null) 
{ name: 'è“¿é›¾é—ªåƒæ‰‹', price: '130' }
insert into bill_detail (bill_id,name,size,price,point,material_id) values (42,'è“¿é›¾é—ªåƒæ‰‹','',130,0,null) 
{ name: 'äººå·¥æ¾³æ´²ç»¿çš®é©2-3', price: '120' }
insert into bill_detail (bill_id,name,size,price,point,material_id) values (42,'äººå·¥æ¾³æ´²ç»¿çš®é©2-3','',120,0,null) 
{ name: 'äººå·¥è¶…é•¿é¡»çš®é©2å·¦å³', price: '70' }
insert into bill_detail (bill_id,name,size,price,point,material_id) values (42,'äººå·¥è¶…é•¿é¡»çš®é©2å·¦å³','',70,0,null) 
{ name: 'å°å°¼è§å…‰ç»¿æ‰‹æŒ‡çš®é©', price: '120' }
insert into bill_detail (bill_id,name,size,price,point,material_id) values (42,'å°å°¼è§å…‰ç»¿æ‰‹æŒ‡çš®é©','',120,0,null) 
{ name: 'å°å°¼ç»¿çš®é©', price: '120' }
insert into bill_detail (bill_id,name,size,price,point,material_id) values (42,'å°å°¼ç»¿çš®é©','',120,0,null) 
{ name: 'åˆ†æé»„é‡‘è›™åµ4-5å¤´', price: '280' }
insert into bill_detail (bill_id,name,size,price,point,material_id) values (42,'åˆ†æé»„é‡‘è›™åµ4-5å¤´','',280,0,null) 
{ name: 'ï¼ˆåŒå¤´ï¼‰é»„é‡‘è›™åµ', price: '140' }
insert into bill_detail (bill_id,name,size,price,point,material_id) values (42,'ï¼ˆåŒå¤´ï¼‰é»„é‡‘è›™åµ','',140,0,null) 
{ name: 'ï¼ˆå•å¤´ï¼‰é»„é‡‘è›™åµ', price: '80' }
insert into bill_detail (bill_id,name,size,price,point,material_id) values (42,'ï¼ˆå•å¤´ï¼‰é»„é‡‘è›™åµ','',80,0,null) 
{ name: 'åˆ†æç´«å¤´ç»¿è›™åµ', price: '240' }
insert into bill_detail (bill_id,name,size,price,point,material_id) values (42,'åˆ†æç´«å¤´ç»¿è›™åµ','',240,0,null) 
{ name: 'ï¼ˆå•å¤´ï¼‰ç»¿è›™åµ', price: '65' }
insert into bill_detail (bill_id,name,size,price,point,material_id) values (42,'ï¼ˆå•å¤´ï¼‰ç»¿è›™åµ','',65,0,null) 
{ name: 'ç´«å¤´ç»¿è›™åµ', price: '350', size: 'ç‰¹å¤§' }
insert into bill_detail (bill_id,name,size,price,point,material_id) values (42,'ç´«å¤´ç»¿è›™åµ','ç‰¹å¤§',350,0,null) 
{ name: 'ç´«å¤´ç»¿è›™åµ', price: '240', size: 'ä¸­' }
insert into bill_detail (bill_id,name,size,price,point,material_id) values (42,'ç´«å¤´ç»¿è›™åµ','ä¸­',240,0,null) 
{ name: 'åˆ†æç´«è‘¡è„', price: '170' }
insert into bill_detail (bill_id,name,size,price,point,material_id) values (42,'åˆ†æç´«è‘¡è„','',170,0,null) 
{ name: 'åˆ†æç»¿çŒªè…°', price: '150' }
insert into bill_detail (bill_id,name,size,price,point,material_id) values (42,'åˆ†æç»¿çŒªè…°','',150,0,null) 
{ name: 'ï¼ˆå•å¤´ï¼‰ç»¿çŒªè…°', price: '60' }
insert into bill_detail (bill_id,name,size,price,point,material_id) values (42,'ï¼ˆå•å¤´ï¼‰ç»¿çŒªè…°','',60,0,null) 
{ name: 'å¤šè‰²åˆ†æèŒ‰è‰', price: '150' }
insert into bill_detail (bill_id,name,size,price,point,material_id) values (42,'å¤šè‰²åˆ†æèŒ‰è‰','',150,0,null) 
{ name: 'åˆ†æå¹»å½©ç»¿èŒ‰è‰', price: '150' }
insert into bill_detail (bill_id,name,size,price,point,material_id) values (42,'åˆ†æå¹»å½©ç»¿èŒ‰è‰','',150,0,null) 
{ name: 'å°å°¼çº¢èŒ‰è‰', price: '240', size: 'å¤§' }
insert into bill_detail (bill_id,name,size,price,point,material_id) values (42,'å°å°¼çº¢èŒ‰è‰','å¤§',240,0,null) 
{ name: 'å°å°¼ç´«èŒ‰è‰', price: '150', size: 'å¤§' }
insert into bill_detail (bill_id,name,size,price,point,material_id) values (42,'å°å°¼ç´«èŒ‰è‰','å¤§',150,0,null) 
{ name: 'å°å°¼ç»¿èŒ‰è‰', price: '130', size: 'å¤§' }
insert into bill_detail (bill_id,name,size,price,point,material_id) values (42,'å°å°¼ç»¿èŒ‰è‰','å¤§',130,0,null) 
{ name: 'è“å¤´é‡‘å±ç»¿å°¼ç½—æ²³', price: '320', size: 'ç‰¹å¤§' }
insert into bill_detail (bill_id,name,size,price,point,material_id) values (42,'è“å¤´é‡‘å±ç»¿å°¼ç½—æ²³','ç‰¹å¤§',320,0,null) 
{ name: 'å°å°¼è¶…è‰³çº¢ç¡¬ç®¡è™«', price: '280', size: 'ç‰¹å¤§' }
insert into bill_detail (bill_id,name,size,price,point,material_id) values (42,'å°å°¼è¶…è‰³çº¢ç¡¬ç®¡è™«','ç‰¹å¤§',280,0,null) 
{ name: 'å°å°¼è¶…è‰³çº¢ç¡¬ç®¡è™«', price: '220', size: 'ä¸­' }
insert into bill_detail (bill_id,name,size,price,point,material_id) values (42,'å°å°¼è¶…è‰³çº¢ç¡¬ç®¡è™«','ä¸­',220,0,null) 
{ name: 'å°å°¼çº¢ç™½ç¡¬ç®¡è™«', price: '130', size: 'å¤§' }
insert into bill_detail (bill_id,name,size,price,point,material_id) values (42,'å°å°¼çº¢ç™½ç¡¬ç®¡è™«','å¤§',130,0,null) 
{ name: 'é»„é‡‘ç²—ç®¡è™«', price: '80' }
insert into bill_detail (bill_id,name,size,price,point,material_id) values (42,'é»„é‡‘ç²—ç®¡è™«','',80,0,null) 
{ name: 'ç´«çº¢ç²—ç®¡è™«', price: '70' }
insert into bill_detail (bill_id,name,size,price,point,material_id) values (42,'ç´«çº¢ç²—ç®¡è™«','',70,0,null) 
{ name: 'å¤šå±‚å½©è‰²ç²—ç®¡è™«', price: '70' }
insert into bill_detail (bill_id,name,size,price,point,material_id) values (42,'å¤šå±‚å½©è‰²ç²—ç®¡è™«','',70,0,null) 
{ name: 'çº¢ç™½è½¯ç®¡è™«', price: '22' }
insert into bill_detail (bill_id,name,size,price,point,material_id) values (42,'çº¢ç™½è½¯ç®¡è™«','',22,0,null) 
{ name: 'ç¾½æ¯›ç®¡è™«', price: '22' }
insert into bill_detail (bill_id,name,size,price,point,material_id) values (42,'ç¾½æ¯›ç®¡è™«','',22,0,null) 
{ name: 'ç´«è‰²åƒæ‰‹ä½›', price: '60' }
insert into bill_detail (bill_id,name,size,price,point,material_id) values (42,'ç´«è‰²åƒæ‰‹ä½›','',60,0,null) 
{ name: 'çº¢é¡»åƒæ‰‹ä½› æ— çš®', price: '50' }
insert into bill_detail (bill_id,name,size,price,point,material_id) values (42,'çº¢é¡»åƒæ‰‹ä½› æ— çš®','',50,0,null) 
{ name: 'ç´«é¡»åƒæ‰‹ä½› æ— çš®', price: '50' }
insert into bill_detail (bill_id,name,size,price,point,material_id) values (42,'ç´«é¡»åƒæ‰‹ä½› æ— çš®','',50,0,null) 
{ name: 'é»„é¡»åƒæ‰‹ä½› æ— çš®', price: '50' }
insert into bill_detail (bill_id,name,size,price,point,material_id) values (42,'é»„é¡»åƒæ‰‹ä½› æ— çš®','',50,0,null) 
{ name: 'æµ·è‹¹æœ', price: '50' }
insert into bill_detail (bill_id,name,size,price,point,material_id) values (42,'æµ·è‹¹æœ','',50,0,null) 
{ name: 'ç«ç„°è´', price: '35' }
insert into bill_detail (bill_id,name,size,price,point,material_id) values (42,'ç«ç„°è´','',35,0,null) 
{ name: 'è™æ–‘è´', price: '35' }
insert into bill_detail (bill_id,name,size,price,point,material_id) values (42,'è™æ–‘è´','',35,0,null) 
{ name: 'é‡‘é’±è´', price: '5', size: 'å°' }
insert into bill_detail (bill_id,name,size,price,point,material_id) values (42,'é‡‘é’±è´','å°',5,0,null) 
{ name: 'é£Ÿè—»èº', price: '5' }
insert into bill_detail (bill_id,name,size,price,point,material_id) values (42,'é£Ÿè—»èº','',5,0,null) 
{ name: 'çº¢éº’éºŸä»™', price: '300' }
insert into bill_detail (bill_id,name,size,price,point,material_id) values (42,'çº¢éº’éºŸä»™','',300,0,null) 
{ name: 'ç™½å°¾è“ç¯14-15', price: '460' }
insert into bill_detail (bill_id,name,size,price,point,material_id) values (42,'ç™½å°¾è“ç¯14-15','',460,0,null) 
{ name: 'å°å°¼æ©™å°¾çš‡å16-17', price: '470' }
insert into bill_detail (bill_id,name,size,price,point,material_id) values (42,'å°å°¼æ©™å°¾çš‡å16-17','',470,0,null) 
{ name: 'å°å°¼æ©™å°¾çš‡å13-14', price: '370' }
insert into bill_detail (bill_id,name,size,price,point,material_id) values (42,'å°å°¼æ©™å°¾çš‡å13-14','',370,0,null) 
{ name: 'åœˆå¸10å·¦å³', price: '220' }
insert into bill_detail (bill_id,name,size,price,point,material_id) values (42,'åœˆå¸10å·¦å³','',220,0,null) 
{ name: 'è“å˜´', price: '120' }
insert into bill_detail (bill_id,name,size,price,point,material_id) values (42,'è“å˜´','',120,0,null) 
{ name: 'è“çº¹', price: '120', size: 'L' }
insert into bill_detail (bill_id,name,size,price,point,material_id) values (42,'è“çº¹','L',120,0,null) 
{ name: 'è“çº¹', price: '100', size: 'M' }
insert into bill_detail (bill_id,name,size,price,point,material_id) values (42,'è“çº¹','M',100,0,null) 
{ name: 'é©¬é11-12', price: '320' }
insert into bill_detail (bill_id,name,size,price,point,material_id) values (42,'é©¬é11-12','',320,0,null) 
{ name: 'é©¬é8-9', price: '260' }
insert into bill_detail (bill_id,name,size,price,point,material_id) values (42,'é©¬é8-9','',260,0,null) 
{ name: 'é©¬é6-7', price: '240' }
insert into bill_detail (bill_id,name,size,price,point,material_id) values (42,'é©¬é6-7','',240,0,null) 
{ name: 'åœŸè€³å…¶ä»™ï¼ˆèƒœåˆ©å¥³ç‹ï¼‰', price: '270' }
insert into bill_detail (bill_id,name,size,price,point,material_id) values (42,'åœŸè€³å…¶ä»™ï¼ˆèƒœåˆ©å¥³ç‹ï¼‰','',270,0,null) 
{ name: 'å…­çº¿ä»™', price: '120' }
insert into bill_detail (bill_id,name,size,price,point,material_id) values (42,'å…­çº¿ä»™','',120,0,null) 
{ name: 'è™çš®ç‹ é›Œ', price: '90' }
insert into bill_detail (bill_id,name,size,price,point,material_id) values (42,'è™çš®ç‹ é›Œ','',90,0,null) 
{ name: 'å°å°¼è€è™ä»™', price: '50' }
insert into bill_detail (bill_id,name,size,price,point,material_id) values (42,'å°å°¼è€è™ä»™','',50,0,null) 
{ name: 'è“å®çŸ³æ–°å¨˜', price: '100' }
insert into bill_detail (bill_id,name,size,price,point,material_id) values (42,'è“å®çŸ³æ–°å¨˜','',100,0,null) 
{ name: 'å®é©¬å¹¼é±¼', price: '50' }
insert into bill_detail (bill_id,name,size,price,point,material_id) values (42,'å®é©¬å¹¼é±¼','',50,0,null) 
{ name: 'ç™½ç‚¹ä»™', price: '40' }
insert into bill_detail (bill_id,name,size,price,point,material_id) values (42,'ç™½ç‚¹ä»™','',40,0,null) 
{ name: 'çŸ³ç¾äºº', price: '65', size: 'XL' }
insert into bill_detail (bill_id,name,size,price,point,material_id) values (42,'çŸ³ç¾äºº','XL',65,0,null) 
{ name: 'é»„å°¾ä»™', price: '40', size: 'M' }
insert into bill_detail (bill_id,name,size,price,point,material_id) values (42,'é»„å°¾ä»™','M',40,0,null) 
{ name: 'è²å¾‹å®¾ç•ªç‹', price: '100' }
insert into bill_detail (bill_id,name,size,price,point,material_id) values (42,'è²å¾‹å®¾ç•ªç‹','',100,0,null) 
{ name: 'å†…æ ¼ç½—æ–¯ç”µå…‰é¾™', price: '60' }
insert into bill_detail (bill_id,name,size,price,point,material_id) values (42,'å†…æ ¼ç½—æ–¯ç”µå…‰é¾™','',60,0,null) 
{ name: 'æ–°å‡ å†…äºšäº”çº¿ç‹', price: '68' }
insert into bill_detail (bill_id,name,size,price,point,material_id) values (42,'æ–°å‡ å†…äºšäº”çº¿ç‹','',68,0,null) 
{ name: 'åœ£è¯é¾™', price: '50' }
insert into bill_detail (bill_id,name,size,price,point,material_id) values (42,'åœ£è¯é¾™','',50,0,null) 
{ name: 'å½©è™¹è±¹é¾™', price: '35' }
insert into bill_detail (bill_id,name,size,price,point,material_id) values (42,'å½©è™¹è±¹é¾™','',35,0,null) 
{ name: 'ç»¿é¾™', price: '24' }
insert into bill_detail (bill_id,name,size,price,point,material_id) values (42,'ç»¿é¾™','',24,0,null) 
{ name: 'æ¼‚æ¼‚', price: '16' }
insert into bill_detail (bill_id,name,size,price,point,material_id) values (42,'æ¼‚æ¼‚','',16,0,null) 
{ name: 'å°å°¼åŒè‰²è‰è“', price: '25' }
insert into bill_detail (bill_id,name,size,price,point,material_id) values (42,'å°å°¼åŒè‰²è‰è“','',25,0,null) 
{ name: 'åŒè‰²è‰è“', price: '20' }
insert into bill_detail (bill_id,name,size,price,point,material_id) values (42,'åŒè‰²è‰è“','',20,0,null) 
{ name: 'ç´«è‰è“', price: '24' }
insert into bill_detail (bill_id,name,size,price,point,material_id) values (42,'ç´«è‰è“','',24,0,null) 
{ name: 'è§å…‰ç»¿ç“¦ç‰‡è„‘', price: '120' }
insert into bill_detail (bill_id,name,size,price,point,material_id) values (42,'è§å…‰ç»¿ç“¦ç‰‡è„‘','',120,0,null) 
{ name: 'çº¢ç»ç’ƒè„‘', price: '180' }
insert into bill_detail (bill_id,name,size,price,point,material_id) values (42,'çº¢ç»ç’ƒè„‘','',180,0,null) 
{ name: 'è§å…‰ç»¿ç»ç’ƒè„‘', price: '130' }
insert into bill_detail (bill_id,name,size,price,point,material_id) values (42,'è§å…‰ç»¿ç»ç’ƒè„‘','',130,0,null) 
{ name: 'ç»¿ç»ç’ƒè„‘', price: '100' }
insert into bill_detail (bill_id,name,size,price,point,material_id) values (42,'ç»¿ç»ç’ƒè„‘','',100,0,null) 
{ name: 'å°å°¼çº¢çº½æ‰£è„‘', price: '150' }
insert into bill_detail (bill_id,name,size,price,point,material_id) values (42,'å°å°¼çº¢çº½æ‰£è„‘','',150,0,null) 
{ name: 'å°å°¼è§å…‰ç»¿å·´é‡Œè„‘', price: '110' }
insert into bill_detail (bill_id,name,size,price,point,material_id) values (42,'å°å°¼è§å…‰ç»¿å·´é‡Œè„‘','',110,0,null) 
{ name: 'å°å°¼ç²¾å“åŒè‰²å…«å­—è„‘', price: '130' }
insert into bill_detail (bill_id,name,size,price,point,material_id) values (42,'å°å°¼ç²¾å“åŒè‰²å…«å­—è„‘','',130,0,null) 
{ name: 'å°å°¼è§å…‰ç»¿å…«å­—è„‘Açº§', price: '130' }
insert into bill_detail (bill_id,name,size,price,point,material_id) values (42,'å°å°¼è§å…‰ç»¿å…«å­—è„‘Açº§','',130,0,null) 
{ name: 'å°å°¼åˆ†æè§å…‰ç»¿è„‘', price: '120' }
insert into bill_detail (bill_id,name,size,price,point,material_id) values (42,'å°å°¼åˆ†æè§å…‰ç»¿è„‘','',120,0,null) 
{ name: 'å°å°¼çº¢æ²³å¤è„‘', price: '120' }
insert into bill_detail (bill_id,name,size,price,point,material_id) values (42,'å°å°¼çº¢æ²³å¤è„‘','',120,0,null) 
{ name: 'å°å°¼çº¢è¿·å®«è„‘', price: '120' }
insert into bill_detail (bill_id,name,size,price,point,material_id) values (42,'å°å°¼çº¢è¿·å®«è„‘','',120,0,null) 
{ name: 'å°å°¼çº¢è¾¹ç»¿èŠ¯è¿·å®«è„‘', price: '120' }
insert into bill_detail (bill_id,name,size,price,point,material_id) values (42,'å°å°¼çº¢è¾¹ç»¿èŠ¯è¿·å®«è„‘','',120,0,null) 
{ name: 'å°å°¼å¹»å½©çº¢ç³–æœè„‘', price: '360', size: 'ç‰¹å¤§' }
insert into bill_detail (bill_id,name,size,price,point,material_id) values (42,'å°å°¼å¹»å½©çº¢ç³–æœè„‘','ç‰¹å¤§',360,0,null) 
{ name: 'å°å°¼å¹»å½©çº¢ç³–æœè„‘', price: '260', size: 'å¤§' }
insert into bill_detail (bill_id,name,size,price,point,material_id) values (42,'å°å°¼å¹»å½©çº¢ç³–æœè„‘','å¤§',260,0,null) 
{ name: 'å°å°¼çº¢çŒ«çœ¼è„‘', price: '120' }
insert into bill_detail (bill_id,name,size,price,point,material_id) values (42,'å°å°¼çº¢çŒ«çœ¼è„‘','',120,0,null) 
{ name: 'å°å°¼ç»¿è¾¹çº¢çŒ«çœ¼è„‘', price: '120' }
insert into bill_detail (bill_id,name,size,price,point,material_id) values (42,'å°å°¼ç»¿è¾¹çº¢çŒ«çœ¼è„‘','',120,0,null) 
{ name: 'å°å°¼è§å…‰ç»¿çŒ«çœ¼è„‘', price: '100' }
insert into bill_detail (bill_id,name,size,price,point,material_id) values (42,'å°å°¼è§å…‰ç»¿çŒ«çœ¼è„‘','',100,0,null) 
{ name: 'å°å°¼é€æ˜ç™½æ°”æ³¡', price: '220', size: 'ç‰¹å¤§' }
insert into bill_detail (bill_id,name,size,price,point,material_id) values (42,'å°å°¼é€æ˜ç™½æ°”æ³¡','ç‰¹å¤§',220,0,null) 
{ name: 'å°å°¼é€æ˜ç™½æ°”æ³¡', price: '160', size: 'å¤§' }
insert into bill_detail (bill_id,name,size,price,point,material_id) values (42,'å°å°¼é€æ˜ç™½æ°”æ³¡','å¤§',160,0,null) 
{ name: 'å¤§ç§è¶…çº¢çº½æ‰£5-7å¤´', price: '50' }
insert into bill_detail (bill_id,name,size,price,point,material_id) values (42,'å¤§ç§è¶…çº¢çº½æ‰£5-7å¤´','',50,0,null) 
{ name: 'å°å°¼å¤§ç§ç²‰çº¢çº½æ‰£', price: '150' }
insert into bill_detail (bill_id,name,size,price,point,material_id) values (42,'å°å°¼å¤§ç§ç²‰çº¢çº½æ‰£','',150,0,null) 
{ name: 'å°å°¼å¤§ç§ç»¿çº½æ‰£', price: '100' }
insert into bill_detail (bill_id,name,size,price,point,material_id) values (42,'å°å°¼å¤§ç§ç»¿çº½æ‰£','',100,0,null) 
{ name: 'å°å°¼æ©™æ³¡æ³¡è‡Açº§', price: '120', size: 'å¤§å¤´' }
insert into bill_detail (bill_id,name,size,price,point,material_id) values (42,'å°å°¼æ©™æ³¡æ³¡è‡Açº§','å¤§å¤´',120,0,null) 
{ name: 'å°å°¼ç´«æ³¡æ³¡è‡', price: '100', size: 'å¤§å¤´' }
insert into bill_detail (bill_id,name,size,price,point,material_id) values (42,'å°å°¼ç´«æ³¡æ³¡è‡','å¤§å¤´',100,0,null) 
{ name: 'å°å°¼è§å…‰ç»¿æ³¡æ³¡è‡', price: '120' }
insert into bill_detail (bill_id,name,size,price,point,material_id) values (42,'å°å°¼è§å…‰ç»¿æ³¡æ³¡è‡','',120,0,null) 
{ name: 'å°å°¼è§å…‰ç»¿æ¯›è‡', price: '120' }
insert into bill_detail (bill_id,name,size,price,point,material_id) values (42,'å°å°¼è§å…‰ç»¿æ¯›è‡','',120,0,null) 
{ name: 'å°å°¼ç»¿èŠ¯å°è€¶èŠ±', price: '100' }
insert into bill_detail (bill_id,name,size,price,point,material_id) values (42,'å°å°¼ç»¿èŠ¯å°è€¶èŠ±','',100,0,null) 
{ name: 'å°å°¼å°è“èŠ±', price: '100' }
insert into bill_detail (bill_id,name,size,price,point,material_id) values (42,'å°å°¼å°è“èŠ±','',100,0,null) 
{ name: 'å°å°¼äººå·¥ä¹å°¾ç‹', price: '150' }
insert into bill_detail (bill_id,name,size,price,point,material_id) values (42,'å°å°¼äººå·¥ä¹å°¾ç‹','',150,0,null) 
{ name: 'å°å°¼çº¢/ç´«é¸¡å† èŠ±', price: '130' }
insert into bill_detail (bill_id,name,size,price,point,material_id) values (42,'å°å°¼çº¢/ç´«é¸¡å† èŠ±','',130,0,null) 
{ name: 'å°å°¼æ©™çŸ­é¡»é£ç›˜', price: '85' }
insert into bill_detail (bill_id,name,size,price,point,material_id) values (42,'å°å°¼æ©™çŸ­é¡»é£ç›˜','',85,0,null) 
{ name: 'å°å°¼è§å…‰ç»¿çŸ­é¡»é£ç›˜', price: '75' }
insert into bill_detail (bill_id,name,size,price,point,material_id) values (42,'å°å°¼è§å…‰ç»¿çŸ­é¡»é£ç›˜','',75,0,null) 
{ name: 'å°å°¼å¢¨ç»¿ç‚®ä»—èŠ±', price: '140', size: 'ç‰¹å¤§' }
insert into bill_detail (bill_id,name,size,price,point,material_id) values (42,'å°å°¼å¢¨ç»¿ç‚®ä»—èŠ±','ç‰¹å¤§',140,0,null) 
{ name: 'å°å°¼å¢¨ç»¿ç‚®ä»—èŠ±', price: '110', size: 'ä¸­å¤§' }
insert into bill_detail (bill_id,name,size,price,point,material_id) values (42,'å°å°¼å¢¨ç»¿ç‚®ä»—èŠ±','ä¸­å¤§',110,0,null) 
{ name: 'è§å…‰ç»¿å¤§æ‰‹æ˜ŸèŠ±15å¤´å·¦å³', price: '100' }
insert into bill_detail (bill_id,name,size,price,point,material_id) values (42,'è§å…‰ç»¿å¤§æ‰‹æ˜ŸèŠ±15å¤´å·¦å³','',100,0,null) 
{ name: 'æ©™å¤§æ‰‹æ˜ŸèŠ±15å¤´å·¦å³', price: '100' }
insert into bill_detail (bill_id,name,size,price,point,material_id) values (42,'æ©™å¤§æ‰‹æ˜ŸèŠ±15å¤´å·¦å³','',100,0,null) 
{ name: 'å°å°¼é‡‘å±ç»¿è è', price: '130' }
insert into bill_detail (bill_id,name,size,price,point,material_id) values (42,'å°å°¼é‡‘å±ç»¿è è','',130,0,null) 
{ name: 'ç²‰è“åŠ', price: '140', size: 'M' }
insert into bill_detail (bill_id,name,size,price,point,material_id) values (42,'ç²‰è“åŠ','M',140,0,null) 
{ name: 'ç²‰è“åŠ', price: '100', size: 'S' }
insert into bill_detail (bill_id,name,size,price,point,material_id) values (42,'ç²‰è“åŠ','S',100,0,null) 
{ name: 'å°åº¦æ´‹å¤©ç‹—14-15', price: '190' }
insert into bill_detail (bill_id,name,size,price,point,material_id) values (42,'å°åº¦æ´‹å¤©ç‹—14-15','',190,0,null) 
{ name: 'å°åº¦æ´‹å¤©ç‹—12å·¦å³', price: '150' }
insert into bill_detail (bill_id,name,size,price,point,material_id) values (42,'å°åº¦æ´‹å¤©ç‹—12å·¦å³','',150,0,null) 
{ name: 'è¿›å£å¤§å¸†', price: '130', size: 'XXL' }
insert into bill_detail (bill_id,name,size,price,point,material_id) values (42,'è¿›å£å¤§å¸†','XXL',130,0,null) 
{ name: 'æ¸…è—»åŠ', price: '60' }
insert into bill_detail (bill_id,name,size,price,point,material_id) values (42,'æ¸…è—»åŠ','',60,0,null) 
{ name: 'è¿›å£æ³¢çº¹åŠ', price: '60' }
insert into bill_detail (bill_id,name,size,price,point,material_id) values (42,'è¿›å£æ³¢çº¹åŠ','',60,0,null) 
{ name: 'å°å°¼ç‹¬è§’åŠ24-26CM', price: '430' }
insert into bill_detail (bill_id,name,size,price,point,material_id) values (42,'å°å°¼ç‹¬è§’åŠ24-26CM','',430,0,null) 
{ name: 'è¿›å£ç‹ç‹¸', price: '60', size: 'M' }
insert into bill_detail (bill_id,name,size,price,point,material_id) values (42,'è¿›å£ç‹ç‹¸','M',60,0,null) 
{ name: 'äºŒçº¿ç‹ç‹¸', price: '40' }
insert into bill_detail (bill_id,name,size,price,point,material_id) values (42,'äºŒçº¿ç‹ç‹¸','',40,0,null) 
{ name: 'è¿›å£å¤©ç‹—', price: '70', size: 'L' }
insert into bill_detail (bill_id,name,size,price,point,material_id) values (42,'è¿›å£å¤©ç‹—','L',70,0,null) 
{ name: 'å·´é»å¤©ä½¿', price: '24' }
insert into bill_detail (bill_id,name,size,price,point,material_id) values (42,'å·´é»å¤©ä½¿','',24,0,null) 
{ name: 'ç«ç‘°', price: '18' }
insert into bill_detail (bill_id,name,size,price,point,material_id) values (42,'ç«ç‘°','',18,0,null) 
{ name: 'å°å°¼ç™½å°¾é›€', price: '15' }
insert into bill_detail (bill_id,name,size,price,point,material_id) values (42,'å°å°¼ç™½å°¾é›€','',15,0,null) 
{ name: 'ç”µå…‰é›€', price: '12' }
insert into bill_detail (bill_id,name,size,price,point,material_id) values (42,'ç”µå…‰é›€','',12,0,null) 
{ name: 'è“èƒŒå¤©ä½¿', price: '10' }
insert into bill_detail (bill_id,name,size,price,point,material_id) values (42,'è“èƒŒå¤©ä½¿','',10,0,null) 
{ name: 'è“ç‚¹é›€', price: '10' }
insert into bill_detail (bill_id,name,size,price,point,material_id) values (42,'è“ç‚¹é›€','',10,0,null) 
{ name: 'ç‰¹çº¹è“ä¹ˆ', price: '8' }
insert into bill_detail (bill_id,name,size,price,point,material_id) values (42,'ç‰¹çº¹è“ä¹ˆ','',8,0,null) 
{ name: 'é»„è‚šè“ä¹ˆ', price: '15' }
insert into bill_detail (bill_id,name,size,price,point,material_id) values (42,'é»„è‚šè“ä¹ˆ','',15,0,null) 
{ name: 'è“ä¹ˆ', price: '8' }
insert into bill_detail (bill_id,name,size,price,point,material_id) values (42,'è“ä¹ˆ','',8,0,null) 
{ name: 'é’ä¹ˆ', price: '8' }
insert into bill_detail (bill_id,name,size,price,point,material_id) values (42,'é’ä¹ˆ','',8,0,null) 
{ name: 'é»„ä¹ˆ', price: '8' }
insert into bill_detail (bill_id,name,size,price,point,material_id) values (42,'é»„ä¹ˆ','',8,0,null) 
{ name: 'å››é—´é›€', price: '10' }
insert into bill_detail (bill_id,name,size,price,point,material_id) values (42,'å››é—´é›€','',10,0,null) 
{ name: 'ä¸‰ç‚¹ç™½', price: '8' }
insert into bill_detail (bill_id,name,size,price,point,material_id) values (42,'ä¸‰ç‚¹ç™½','',8,0,null) 
{ name: 'ç´«é‡‘çº¢å®çŸ³', price: '70' }
insert into bill_detail (bill_id,name,size,price,point,material_id) values (42,'ç´«é‡‘çº¢å®çŸ³','',70,0,null) 
{ name: 'é‡‘èƒŒé‡‘çº¿å®çŸ³', price: '50' }
insert into bill_detail (bill_id,name,size,price,point,material_id) values (42,'é‡‘èƒŒé‡‘çº¿å®çŸ³','',50,0,null) 
===== null
{ name: 'è²å¾‹å®¾è“çœ¼æµ·é‡‘é±¼', price: '30' }
insert into bill_detail (bill_id,name,size,price,point,material_id) values (42,'è²å¾‹å®¾è“çœ¼æµ·é‡‘é±¼','',30,0,null) 
{ name: 'ç´«ç½—å…°æµ·é‡‘é±¼', price: '22' }
insert into bill_detail (bill_id,name,size,price,point,material_id) values (42,'ç´«ç½—å…°æµ·é‡‘é±¼','',22,0,null) 
{ name: 'è§å…‰ç»¿å ç“¦', price: '120' }
insert into bill_detail (bill_id,name,size,price,point,material_id) values (42,'è§å…‰ç»¿å ç“¦','',120,0,null) 
{ name: 'äººå·¥ç»¿ç“¦ç‰‡', price: '120' }
insert into bill_detail (bill_id,name,size,price,point,material_id) values (42,'äººå·¥ç»¿ç“¦ç‰‡','',120,0,null) 
{ name: 'è¶…äººç“¦', price: '120' }
insert into bill_detail (bill_id,name,size,price,point,material_id) values (42,'è¶…äººç“¦','',120,0,null) 
{ name: 'å°å°¼ç´«åœ°æ¯¯', price: '290' }
insert into bill_detail (bill_id,name,size,price,point,material_id) values (42,'å°å°¼ç´«åœ°æ¯¯','',290,0,null) 
{ name: 'è§å…‰ç»¿åœ°æ¯¯', price: '280' }
insert into bill_detail (bill_id,name,size,price,point,material_id) values (42,'è§å…‰ç»¿åœ°æ¯¯','',280,0,null) 
{ name: 'å°å°¼ç»¿åœ°æ¯¯', price: '150' }
insert into bill_detail (bill_id,name,size,price,point,material_id) values (42,'å°å°¼ç»¿åœ°æ¯¯','',150,0,null) 
{ name: 'è¿›å£åœ°æ¯¯', price: '70' }
insert into bill_detail (bill_id,name,size,price,point,material_id) values (42,'è¿›å£åœ°æ¯¯','',70,0,null) 
{ name: 'ç´«è‚šçº¢å¤´ç»¿å…¬ä¸»æµ·è‘µ', price: '60' }
insert into bill_detail (bill_id,name,size,price,point,material_id) values (42,'ç´«è‚šçº¢å¤´ç»¿å…¬ä¸»æµ·è‘µ','',60,0,null) 
{ name: 'è§å…‰ç»¿æ°”æ³¡æµ·è‘µ', price: '80', size: 'L' }
insert into bill_detail (bill_id,name,size,price,point,material_id) values (42,'è§å…‰ç»¿æ°”æ³¡æµ·è‘µ','L',80,0,null) 
{ name: 'è§å…‰ç»¿æ°”æ³¡æµ·è‘µ', price: '60', size: 'M' }
insert into bill_detail (bill_id,name,size,price,point,material_id) values (42,'è§å…‰ç»¿æ°”æ³¡æµ·è‘µ','M',60,0,null) 
{ name: 'ç»¿æµ·è‘µ', price: '40' }
insert into bill_detail (bill_id,name,size,price,point,material_id) values (42,'ç»¿æµ·è‘µ','',40,0,null) 
{ name: 'ç´«ç‚¹ç™½æµ·è‘µ', price: '30' }
insert into bill_detail (bill_id,name,size,price,point,material_id) values (42,'ç´«ç‚¹ç™½æµ·è‘µ','',30,0,null) 
{ name: 'è¶Šå—ç»¿ç«æŸ´', price: '65' }
insert into bill_detail (bill_id,name,size,price,point,material_id) values (42,'è¶Šå—ç»¿ç«æŸ´','',65,0,null) 
{ name: 'è¿›å£æ¦”å¤´', price: '60', size: 'ä¸­å¤§' }
insert into bill_detail (bill_id,name,size,price,point,material_id) values (42,'è¿›å£æ¦”å¤´','ä¸­å¤§',60,0,null) 
{ name: 'è¶Šå—å°¼ç½—æ²³', price: '50' }
insert into bill_detail (bill_id,name,size,price,point,material_id) values (42,'è¶Šå—å°¼ç½—æ²³','',50,0,null) 
{ name: 'åœ†å¸½', price: '50' }
insert into bill_detail (bill_id,name,size,price,point,material_id) values (42,'åœ†å¸½','',50,0,null) 
{ name: 'è¶Šå—å¹»å½©èŒ‰è‰èŠ±', price: '45' }
insert into bill_detail (bill_id,name,size,price,point,material_id) values (42,'è¶Šå—å¹»å½©èŒ‰è‰èŠ±','',45,0,null) 
{ name: 'è¶Šå—è§å…‰ç»¿çš®é©', price: '60' }
insert into bill_detail (bill_id,name,size,price,point,material_id) values (42,'è¶Šå—è§å…‰ç»¿çš®é©','',60,0,null) 
{ name: 'è¿›å£ç»¿è±¡è€³', price: '70' }
insert into bill_detail (bill_id,name,size,price,point,material_id) values (42,'è¿›å£ç»¿è±¡è€³','',70,0,null) 
{ name: 'ç²¾å“æ©™æ³¡æ³¡è‡å¤šå¤´', price: '75' }
insert into bill_detail (bill_id,name,size,price,point,material_id) values (42,'ç²¾å“æ©™æ³¡æ³¡è‡å¤šå¤´','',75,0,null) 
{ name: 'è¿›å£çº¢ç‚®ä»—èŠ±', price: '50' }
insert into bill_detail (bill_id,name,size,price,point,material_id) values (42,'è¿›å£çº¢ç‚®ä»—èŠ±','',50,0,null) 
{ name: 'çº¢å…«å­—è„‘', price: '28' }
insert into bill_detail (bill_id,name,size,price,point,material_id) values (42,'çº¢å…«å­—è„‘','',28,0,null) 
{ name: 'è¿›å£çº¢è‰²è²å­è„‘', price: '50' }
insert into bill_detail (bill_id,name,size,price,point,material_id) values (42,'è¿›å£çº¢è‰²è²å­è„‘','',50,0,null) 
{ name: 'è¿›å£å¤§å˜´å·´', price: '22' }
insert into bill_detail (bill_id,name,size,price,point,material_id) values (42,'è¿›å£å¤§å˜´å·´','',22,0,null) 
{ name: 'è¿›å£ç»¿è‰çš®', price: '50' }
insert into bill_detail (bill_id,name,size,price,point,material_id) values (42,'è¿›å£ç»¿è‰çš®','',50,0,null) 
{ name: 'çº¢ç«ç„°è—»', price: '60', size: 'æŠŠ' }
insert into bill_detail (bill_id,name,size,price,point,material_id) values (42,'çº¢ç«ç„°è—»','æŠŠ',60,0,null) 
{ name: 'çº¢è‘¡è„è—»', price: '50', size: 'æŠŠ' }
insert into bill_detail (bill_id,name,size,price,point,material_id) values (42,'çº¢è‘¡è„è—»','æŠŠ',50,0,null) 
{ name: 'ç«çº¢åƒå±‚è—»', price: '60', size: 'æŠŠ' }
insert into bill_detail (bill_id,name,size,price,point,material_id) values (42,'ç«çº¢åƒå±‚è—»','æŠŠ',60,0,null) 
{ name: 'ç»¿è‘¡è„è—»', price: '50', size: 'æŠŠ' }
insert into bill_detail (bill_id,name,size,price,point,material_id) values (42,'ç»¿è‘¡è„è—»','æŠŠ',50,0,null) 
{ name: 'ç»¿ç¾½æ¯›è—»', price: '50', size: 'æŠŠ' }
insert into bill_detail (bill_id,name,size,price,point,material_id) values (42,'ç»¿ç¾½æ¯›è—»','æŠŠ',50,0,null) 
{ name: 'ç»¿é¹¿è§’è—»', price: '40', size: 'æŠŠ' }
insert into bill_detail (bill_id,name,size,price,point,material_id) values (42,'ç»¿é¹¿è§’è—»','æŠŠ',40,0,null) 
{ name: 'æ—å“¥è™¾è™ï¼ˆåƒæ²™ï¼‰', price: '35' }
insert into bill_detail (bill_id,name,size,price,point,material_id) values (42,'æ—å“¥è™¾è™ï¼ˆåƒæ²™ï¼‰','',35,0,null) 
{ name: 'çº¢ç‚¹èŠ±è™¾è™(åƒæ²™)', price: '35' }
insert into bill_detail (bill_id,name,size,price,point,material_id) values (42,'çº¢ç‚¹èŠ±è™¾è™(åƒæ²™)','',35,0,null) 
{ name: 'å¤§é»„çº¿è™¾è™', price: '28' }
insert into bill_detail (bill_id,name,size,price,point,material_id) values (42,'å¤§é»„çº¿è™¾è™','',28,0,null) 
{ name: 'éœ“è™¹ç¯è™¾è™', price: '24' }
insert into bill_detail (bill_id,name,size,price,point,material_id) values (42,'éœ“è™¹ç¯è™¾è™','',24,0,null) 
{ name: 'çº¢èœœèœ‚å¤æ¯”', price: '20' }
insert into bill_detail (bill_id,name,size,price,point,material_id) values (42,'çº¢èœœèœ‚å¤æ¯”','',20,0,null) 
{ name: 'ç†ŠçŒ«å¤æ¯”', price: '16' }
insert into bill_detail (bill_id,name,size,price,point,material_id) values (42,'ç†ŠçŒ«å¤æ¯”','',16,0,null) 
{ name: 'ç»¿å¤æ¯”', price: '12' }
insert into bill_detail (bill_id,name,size,price,point,material_id) values (42,'ç»¿å¤æ¯”','',12,0,null) 
{ name: 'äº”å½©é’è›™', price: '28' }
insert into bill_detail (bill_id,name,size,price,point,material_id) values (42,'äº”å½©é’è›™','',28,0,null) 
{ name: 'åœ†ç‚¹é’è›™', price: '24' }
insert into bill_detail (bill_id,name,size,price,point,material_id) values (42,'åœ†ç‚¹é’è›™','',24,0,null) 
{ name: 'èŠ±é’è›™/éº»é›€', price: '24' }
insert into bill_detail (bill_id,name,size,price,point,material_id) values (42,'èŠ±é’è›™/éº»é›€','',24,0,null) 
{ name: 'å°ä¸‘ç‚®å¼¹10-12', price: '260' }
insert into bill_detail (bill_id,name,size,price,point,material_id) values (42,'å°ä¸‘ç‚®å¼¹10-12','',260,0,null) 
{ name: 'è“é¢ç‚®å¼¹', price: '100' }
insert into bill_detail (bill_id,name,size,price,point,material_id) values (42,'è“é¢ç‚®å¼¹','',100,0,null) 
{ name: 'ç»ç’ƒç‚®å¼¹', price: '70', size: 'L' }
insert into bill_detail (bill_id,name,size,price,point,material_id) values (42,'ç»ç’ƒç‚®å¼¹','L',70,0,null) 
{ name: 'é­”é¬¼ç‚®å¼¹', price: '50' }
insert into bill_detail (bill_id,name,size,price,point,material_id) values (42,'é­”é¬¼ç‚®å¼¹','',50,0,null) 
{ name: 'çº¢å°¾ç‚®å¼¹', price: '50' }
insert into bill_detail (bill_id,name,size,price,point,material_id) values (42,'çº¢å°¾ç‚®å¼¹','',50,0,null) 
{ name: 'æ–œçº¹ç‚®å¼¹', price: '65', size: 'L' }
insert into bill_detail (bill_id,name,size,price,point,material_id) values (42,'æ–œçº¹ç‚®å¼¹','L',65,0,null) 
{ name: 'æ–œçº¹ç‚®å¼¹', price: '50', size: 'M' }
insert into bill_detail (bill_id,name,size,price,point,material_id) values (42,'æ–œçº¹ç‚®å¼¹','M',50,0,null) 
{ name: 'é¸³é¸¯ç‚®å¼¹', price: '50' }
insert into bill_detail (bill_id,name,size,price,point,material_id) values (42,'é¸³é¸¯ç‚®å¼¹','',50,0,null) 
{ name: 'æ–‘é©¬ç‚®å¼¹', price: '45' }
insert into bill_detail (bill_id,name,size,price,point,material_id) values (42,'æ–‘é©¬ç‚®å¼¹','',45,0,null) 
{ name: 'çç é­Ÿ35å·¦å³', price: '280' }
insert into bill_detail (bill_id,name,size,price,point,material_id) values (42,'çç é­Ÿ35å·¦å³','',280,0,null) 
{ name: 'é»„é‡‘æµå…¬', price: '130' }
insert into bill_detail (bill_id,name,size,price,point,material_id) values (42,'é»„é‡‘æµå…¬','',130,0,null) 
{ name: 'ç«‹çš‡', price: '150' }
insert into bill_detail (bill_id,name,size,price,point,material_id) values (42,'ç«‹çš‡','',150,0,null) 
{ name: 'é•¿ç‹®', price: '150', size: 'L' }
insert into bill_detail (bill_id,name,size,price,point,material_id) values (42,'é•¿ç‹®','L',150,0,null) 
{ name: 'å°–å˜´çº¢æ ¼', price: '70' }
insert into bill_detail (bill_id,name,size,price,point,material_id) values (42,'å°–å˜´çº¢æ ¼','',70,0,null) 
{ name: 'èŠ±å›­é³—', price: '50' }
insert into bill_detail (bill_id,name,size,price,point,material_id) values (42,'èŠ±å›­é³—','',50,0,null) 
{ name: 'ç‹—å¤´', price: '50' }
insert into bill_detail (bill_id,name,size,price,point,material_id) values (42,'ç‹—å¤´','',50,0,null) 
{ name: 'ç‡•å­èŠ±æ—¦', price: '45' }
insert into bill_detail (bill_id,name,size,price,point,material_id) values (42,'ç‡•å­èŠ±æ—¦','',45,0,null) 
===== null
===== null
===== null
===== null
===== null
===== null
===== null
===== null
===== null
===== null
===== null
===== null
===== null
===== null
===== null
===== null
===== null
===== null
===== null
===== null
===== null
===== null
===== null
===== null
===== null
===== null
===== null
===== null
===== null
===== null
===== null
===== null
===== null
===== null
===== null
===== null
===== null
===== null
===== null
===== null
===== null
===== null
===== null
===== null
===== null
===== null
===== null
===== null
===== null
===== null
===== null
===== null
===== null
===== null
===== null
===== null
===== null
===== null
===== null
===== null
===== null
===== null
===== null
===== null
===== null
===== null
===== null
===== null
===== null
===== null
===== null
===== null
===== null
===== null
===== null
===== null
===== null
===== null
===== null
===== null
===== null
===== null
===== null
===== null
===== null
===== null
===== null
===== null
===== null
===== null
===== null
===== null
===== null
===== null
===== null
===== null
===== null
===== null
===== null
===== null
===== null
===== null
===== null
===== null
===== null
===== null
===== null
===== null
===== null
===== null
===== null
===== null
===== null
===== null
===== null
===== null
===== null
===== null
===== null
===== null
===== null
===== null
===== null
===== null
===== null
===== null
===== null
===== null
===== null
===== null
===== null
===== null
===== null
===== null
===== null
===== null
===== null
===== null
===== null
===== null
===== null
===== null
===== null
===== null
===== null
===== null
===== null
===== null
===== null
===== null
===== null
===== null
===== null
===== null
===== null
===== null
===== null
===== null
===== null
===== null
===== null
===== null
===== null
===== null
===== null
===== null
===== null
===== null
===== null
===== null
===== null
===== null
===== null
===== null
===== null
===== null
===== null
===== null
===== null
===== null
===== null
===== null
===== null
===== null
===== null
===== null
===== null
===== null
===== null
===== null
===== null
===== null
===== null
===== null
===== null
===== null
===== null
===== null
===== null
===== null
===== null
===== null
===== null
===== null
===== null
===== null
===== null
===== null
===== null
===== null
===== null
===== null
===== null
===== null
===== null
===== null
===== null
===== null
===== null
===== null
===== null
===== null
===== null
===== null
===== null
===== null
===== null
===== null
===== null
===== null
===== null
===== null
===== null
===== null
===== null
===== null
===== null
===== null
===== null
===== null
===== null
===== null
===== null
===== null
===== null
===== null
===== null
===== null
===== null
===== null
===== null
===== null
===== null
===== null
===== null
===== null
===== null
===== null
14:29:51 14.11.2017, [response,api] http://127.0.0.1:3000: [1;33mpost[0m /api/bill/upload {} [32m200[0m (933ms)
14:29:56 14.11.2017, [response,api] http://127.0.0.1:3000: [1;32mget[0m /api/users/getByType {"type":"lss"} [32m200[0m (12ms)
14:29:56 14.11.2017, [response,api] http://127.0.0.1:3000: [1;32mget[0m /api/users/getByType {"type":"pfs"} [32m200[0m (8ms)
14:29:58 14.11.2017, [response,api] http://127.0.0.1:3000: [1;32mget[0m /api/bill/list {"page":1,"size":10} [32m200[0m (13ms)
14:30:04 14.11.2017, [response,api] http://127.0.0.1:3000: [1;32mget[0m /api/bill/list {"page":4,"size":10} [32m200[0m (9ms)
14:30:09 14.11.2017, [response,api] http://127.0.0.1:3000: [1;32mget[0m /api/bill/list {"page":3,"size":10} [32m200[0m (8ms)
14:30:17 14.11.2017, [response,api] http://127.0.0.1:3000: [1;32mget[0m /api/bill/detail {"id":31} [32m200[0m (15ms)
14:30:17 14.11.2017, [response,api] http://127.0.0.1:3000: [1;32mget[0m /api/bill/list {"page":3,"size":10} [32m200[0m (24ms)
14:30:20 14.11.2017, [response,api] http://127.0.0.1:3000: [1;32mget[0m /api/bill/list {"page":3,"size":10} [32m200[0m (12ms)
14:30:29 14.11.2017, [response,api] http://127.0.0.1:3000: [1;32mget[0m /api/bill/list {"page":4,"size":10} [32m200[0m (12ms)
14:30:31 14.11.2017, [response,api] http://127.0.0.1:3000: [1;32mget[0m /api/bill/list {"page":3,"size":10} [32m200[0m (18ms)
14:30:33 14.11.2017, [response,api] http://127.0.0.1:3000: [1;32mget[0m /api/bill/list {"page":4,"size":10} [32m200[0m (17ms)
14:30:35 14.11.2017, [response,api] http://127.0.0.1:3000: [1;32mget[0m /api/bill/detail {"id":42} [32m200[0m (27ms)
14:30:35 14.11.2017, [response,api] http://127.0.0.1:3000: [1;32mget[0m /api/bill/list {"page":4,"size":10} [32m200[0m (42ms)
14:30:56 14.11.2017, [response,api] http://127.0.0.1:3000: [1;32mget[0m /api/bill/get/detail {"id":362} [32m200[0m (15ms)
14:30:56 14.11.2017, [response,api] http://127.0.0.1:3000: [1;32mget[0m /api/bill/list {"page":4,"size":10} [32m200[0m (16ms)
14:30:58 14.11.2017, [response,api] http://127.0.0.1:3000: [1;32mget[0m /api/bill/detail {"id":42} [32m200[0m (29ms)
14:30:58 14.11.2017, [response,api] http://127.0.0.1:3000: [1;32mget[0m /api/bill/list {"page":4,"size":10} [32m200[0m (29ms)
14:31:02 14.11.2017, [response,api] http://127.0.0.1:3000: [1;32mget[0m /api/bill/list {"page":4,"size":10} [32m200[0m (19ms)
